<?xml version="1.0" encoding="UTF-8"?>
<!-- Generated by org.testng.reporters.JUnitReportReporter -->
<testsuite hostname="Tittu" failures="0" tests="1" name="Testcases.RegistrationTestPage" time="3.247" errors="0" timestamp="2024-11-22T13:32:31 PST" skipped="0">
  <testcase classname="Testcases.RegistrationTestPage" name="account_register" time="3.247"/>
</testsuite> <!-- Testcases.RegistrationTestPage -->
