<?xml version="1.0" encoding="UTF-8"?>
<!-- Generated by org.testng.reporters.JUnitReportReporter -->
<testsuite hostname="Tittu" failures="0" tests="1" name="Testcases.LoginTest" time="2.121" errors="0" timestamp="2024-11-22T13:32:31 PST" skipped="0">
  <testcase classname="Testcases.LoginTest" name="user_login" time="2.121"/>
</testsuite> <!-- Testcases.LoginTest -->
