<?xml version="1.0" encoding="UTF-8"?>
<!-- Generated by org.testng.reporters.JUnitReportReporter -->
<testsuite hostname="Tittu" failures="0" tests="3" name="Testng.groupmutlpletestcase" time="0.013" errors="0" timestamp="2024-11-13T12:17:22 PST" skipped="0">
  <testcase classname="Testng.groupmutlpletestcase" name="facebookapp1" time="0.011"/>
  <testcase classname="Testng.groupmutlpletestcase" name="facebookapp2" time="0.001"/>
  <testcase classname="Testng.groupmutlpletestcase" name="facebookapp3" time="0.001"/>
</testsuite> <!-- Testng.groupmutlpletestcase -->
