<?xml version="1.0" encoding="UTF-8"?>
<!-- Generated by org.testng.reporters.JUnitReportReporter -->
<testsuite hostname="Tittu" failures="0" tests="1" name="Testng.Exceptions" time="5.269" errors="0" timestamp="2024-11-14T11:14:04 PST" skipped="0">
  <testcase classname="Testng.Exceptions" name="search" time="5.269"/>
</testsuite> <!-- Testng.Exceptions -->
