<?xml version="1.0" encoding="UTF-8"?>
<!-- Generated by org.testng.reporters.JUnitReportReporter -->
<testsuite hostname="Tittu" failures="0" tests="3" name="Testng.Grouping" time="0.014" errors="0" timestamp="2024-11-13T12:15:46 PST" skipped="0">
  <testcase classname="Testng.Grouping" name="test1" time="0.011"/>
  <testcase classname="Testng.Grouping" name="test2" time="0.002"/>
  <testcase classname="Testng.Grouping" name="test3" time="0.001"/>
</testsuite> <!-- Testng.Grouping -->
