<?xml version="1.0" encoding="UTF-8"?>
<!-- Generated by org.testng.reporters.JUnitReportReporter -->
<testsuite hostname="Tittu" failures="0" tests="1" name="Testcases.RegistrationTestPage" time="4.306" errors="0" timestamp="2024-11-21T10:47:01 PST" skipped="0">
  <testcase classname="Testcases.RegistrationTestPage" name="account_register" time="4.306"/>
</testsuite> <!-- Testcases.RegistrationTestPage -->
