<?xml version="1.0" encoding="UTF-8"?>
<!-- Generated by org.testng.reporters.JUnitReportReporter -->
<testsuite hostname="Tittu" failures="0" tests="3" name="Testng.OrangeHRMTest" time="17.143" errors="0" timestamp="2024-11-15T16:44:26 PST" skipped="0">
  <testcase classname="Testng.OrangeHRMTest" name="testLoginAndLogout" time="5.816"/>
  <testcase classname="Testng.OrangeHRMTest" name="testLoginAndLogout" time="5.596"/>
  <testcase classname="Testng.OrangeHRMTest" name="testLoginAndLogout" time="5.731"/>
</testsuite> <!-- Testng.OrangeHRMTest -->
