<?xml version="1.0" encoding="UTF-8"?>
<!-- Generated by org.testng.reporters.JUnitReportReporter -->
<testsuite hostname="Tittu" failures="0" tests="1" name="Testcases.LoginTest" time="1.995" errors="0" timestamp="2024-11-22T15:17:30 PST" skipped="0">
  <testcase classname="Testcases.LoginTest" name="user_login" time="1.995"/>
</testsuite> <!-- Testcases.LoginTest -->
