<?xml version="1.0" encoding="UTF-8"?>
<!-- Generated by org.testng.reporters.JUnitReportReporter -->
<testsuite hostname="Tittu" failures="0" tests="1" name="Testcases.RegistrationTestPage" time="2.599" errors="0" timestamp="2024-11-22T15:17:30 PST" skipped="0">
  <testcase classname="Testcases.RegistrationTestPage" name="account_register" time="2.599"/>
</testsuite> <!-- Testcases.RegistrationTestPage -->
